Summary of SPARK analysis
=========================

---------------------------------------------------------------------------------------------------------
SPARK Analysis results        Total        Flow   Interval   CodePeer      Provers   Justified   Unproved
---------------------------------------------------------------------------------------------------------
Data Dependencies                 .           .          .          .            .           .          .
Flow Dependencies                 .           .          .          .            .           .          .
Initialization                   19          19          .          .            .           .          .
Non-Aliasing                      .           .          .          .            .           .          .
Run-time Checks                  17           .          .          .    17 (CVC4)           .          .
Assertions                       11           .          .          .    11 (CVC4)           .          .
Functional Contracts              5           .          .          .     5 (CVC4)           .          .
LSP Verification                  .           .          .          .            .           .          .
---------------------------------------------------------------------------------------------------------
Total                            52    19 (37%)          .          .     33 (63%)           .          .


Analyzed 3 units
in unit p3_1, 5 subprograms and packages out of 5 analyzed
  P3_1 at p3_1.ads:1 flow analyzed (0 errors, 0 checks and 0 warnings) and proved (0 checks)
  P3_1.Compare_To at p3_1.ads:39 flow analyzed (0 errors, 0 checks and 0 warnings) and proved (1 checks)
  P3_1.Count_Lower_Elements at p3_1.ads:55 flow analyzed (0 errors, 0 checks and 0 warnings) and proved (17 checks)
  P3_1.Delete_Elements at p3_1.ads:46 flow analyzed (0 errors, 0 checks and 0 warnings) and proved (14 checks)
  P3_1.Get_Bood_Pressure_Degree at p3_1.ads:11 flow analyzed (0 errors, 0 checks and 0 warnings) and proved (1 checks)
in unit test_assertions, 0 subprograms and packages out of 4 analyzed
  Test_Assertions.Assert_False at test_assertions.ads:7 skipped
  Test_Assertions.Assert_False at test_assertions.ads:13 skipped
  Test_Assertions.Assert_True at test_assertions.ads:4 skipped
  Test_Assertions.Assert_True at test_assertions.ads:10 skipped
in unit test_p3_1, 0 subprograms and packages out of 1 analyzed
  Test_P3_1 at test_p3_1.adb:5 skipped
